빌드 시작: 2018-07-13 오전 11:16:54
     1>2 노드의 "C:\Project_byH\tmsRobot\RoboticBrainStim\NDI_C1\CombinedAPISample.vcxproj" 프로젝트(build 대상)입니다.
     1>InitializeBuildStatus:
         "AlwaysCreate"이(가) 지정되었기 때문에 ".\Debug\NDI CombinedAPI Sample.unsuccessfulbuild"을(를) 만들고 있습니다.
       ClCompile:
         모든 출력이 최신 상태입니다.
         c:\Program Files (x86)\Microsoft Visual Studio 10.0\VC\bin\CL.exe /c /ZI /nologo /W3 /WX- /Od /Oy- /D WIN32 /D _DEBUG /D _WINDOWS /D _VC80_UPGRADE=0x0600 /D _MBCS /D _AFXDLL /Gm /EHsc /RTC1 /MDd /GS /Gy- /fp:precise /Zc:wchar_t /Zc:forScope /Yu"stdafx.h" /Fp".\Debug\CombinedAPISample.pch" /Fo".\Debug\\" /Fd".\Debug\vc100.pdb" /Gd /TP /analyze- /errorReport:prompt CombinedAPISampleDlg.cpp
         CombinedAPISampleDlg.cpp
     1>c:\project_byh\tmsrobot\roboticbrainstim\ndi_c1\combinedapisampledlg.cpp(686): warning C4996: 'sprintf': This function or variable may be unsafe. Consider using sprintf_s instead. To disable deprecation, use _CRT_SECURE_NO_WARNINGS. See online help for details.
                 c:\program files (x86)\microsoft visual studio 10.0\vc\include\stdio.h(371) : 'sprintf' 선언을 참조하십시오.
     1>c:\project_byh\tmsrobot\roboticbrainstim\ndi_c1\combinedapisampledlg.cpp(938): warning C4996: 'sprintf': This function or variable may be unsafe. Consider using sprintf_s instead. To disable deprecation, use _CRT_SECURE_NO_WARNINGS. See online help for details.
                 c:\program files (x86)\microsoft visual studio 10.0\vc\include\stdio.h(371) : 'sprintf' 선언을 참조하십시오.
     1>c:\project_byh\tmsrobot\roboticbrainstim\ndi_c1\combinedapisampledlg.cpp(940): warning C4996: 'sprintf': This function or variable may be unsafe. Consider using sprintf_s instead. To disable deprecation, use _CRT_SECURE_NO_WARNINGS. See online help for details.
                 c:\program files (x86)\microsoft visual studio 10.0\vc\include\stdio.h(371) : 'sprintf' 선언을 참조하십시오.
     1>c:\project_byh\tmsrobot\roboticbrainstim\ndi_c1\combinedapisampledlg.cpp(958): warning C4996: 'sprintf': This function or variable may be unsafe. Consider using sprintf_s instead. To disable deprecation, use _CRT_SECURE_NO_WARNINGS. See online help for details.
                 c:\program files (x86)\microsoft visual studio 10.0\vc\include\stdio.h(371) : 'sprintf' 선언을 참조하십시오.
     1>c:\project_byh\tmsrobot\roboticbrainstim\ndi_c1\combinedapisampledlg.cpp(961): warning C4996: 'sprintf': This function or variable may be unsafe. Consider using sprintf_s instead. To disable deprecation, use _CRT_SECURE_NO_WARNINGS. See online help for details.
                 c:\program files (x86)\microsoft visual studio 10.0\vc\include\stdio.h(371) : 'sprintf' 선언을 참조하십시오.
     1>c:\project_byh\tmsrobot\roboticbrainstim\ndi_c1\combinedapisampledlg.cpp(964): warning C4996: 'sprintf': This function or variable may be unsafe. Consider using sprintf_s instead. To disable deprecation, use _CRT_SECURE_NO_WARNINGS. See online help for details.
                 c:\program files (x86)\microsoft visual studio 10.0\vc\include\stdio.h(371) : 'sprintf' 선언을 참조하십시오.
     1>c:\project_byh\tmsrobot\roboticbrainstim\ndi_c1\combinedapisampledlg.cpp(969): warning C4996: 'sprintf': This function or variable may be unsafe. Consider using sprintf_s instead. To disable deprecation, use _CRT_SECURE_NO_WARNINGS. See online help for details.
                 c:\program files (x86)\microsoft visual studio 10.0\vc\include\stdio.h(371) : 'sprintf' 선언을 참조하십시오.
     1>c:\project_byh\tmsrobot\roboticbrainstim\ndi_c1\combinedapisampledlg.cpp(972): warning C4996: 'sprintf': This function or variable may be unsafe. Consider using sprintf_s instead. To disable deprecation, use _CRT_SECURE_NO_WARNINGS. See online help for details.
                 c:\program files (x86)\microsoft visual studio 10.0\vc\include\stdio.h(371) : 'sprintf' 선언을 참조하십시오.
     1>c:\project_byh\tmsrobot\roboticbrainstim\ndi_c1\combinedapisampledlg.cpp(975): warning C4996: 'sprintf': This function or variable may be unsafe. Consider using sprintf_s instead. To disable deprecation, use _CRT_SECURE_NO_WARNINGS. See online help for details.
                 c:\program files (x86)\microsoft visual studio 10.0\vc\include\stdio.h(371) : 'sprintf' 선언을 참조하십시오.
     1>c:\project_byh\tmsrobot\roboticbrainstim\ndi_c1\combinedapisampledlg.cpp(978): warning C4996: 'sprintf': This function or variable may be unsafe. Consider using sprintf_s instead. To disable deprecation, use _CRT_SECURE_NO_WARNINGS. See online help for details.
                 c:\program files (x86)\microsoft visual studio 10.0\vc\include\stdio.h(371) : 'sprintf' 선언을 참조하십시오.
     1>c:\project_byh\tmsrobot\roboticbrainstim\ndi_c1\combinedapisampledlg.cpp(985): warning C4996: 'sprintf': This function or variable may be unsafe. Consider using sprintf_s instead. To disable deprecation, use _CRT_SECURE_NO_WARNINGS. See online help for details.
                 c:\program files (x86)\microsoft visual studio 10.0\vc\include\stdio.h(371) : 'sprintf' 선언을 참조하십시오.
     1>c:\project_byh\tmsrobot\roboticbrainstim\ndi_c1\combinedapisampledlg.cpp(987): warning C4996: 'sprintf': This function or variable may be unsafe. Consider using sprintf_s instead. To disable deprecation, use _CRT_SECURE_NO_WARNINGS. See online help for details.
                 c:\program files (x86)\microsoft visual studio 10.0\vc\include\stdio.h(371) : 'sprintf' 선언을 참조하십시오.
     1>c:\project_byh\tmsrobot\roboticbrainstim\ndi_c1\combinedapisampledlg.cpp(989): warning C4996: 'sprintf': This function or variable may be unsafe. Consider using sprintf_s instead. To disable deprecation, use _CRT_SECURE_NO_WARNINGS. See online help for details.
                 c:\program files (x86)\microsoft visual studio 10.0\vc\include\stdio.h(371) : 'sprintf' 선언을 참조하십시오.
     1>c:\project_byh\tmsrobot\roboticbrainstim\ndi_c1\combinedapisampledlg.cpp(991): warning C4996: 'sprintf': This function or variable may be unsafe. Consider using sprintf_s instead. To disable deprecation, use _CRT_SECURE_NO_WARNINGS. See online help for details.
                 c:\program files (x86)\microsoft visual studio 10.0\vc\include\stdio.h(371) : 'sprintf' 선언을 참조하십시오.
     1>c:\project_byh\tmsrobot\roboticbrainstim\ndi_c1\combinedapisampledlg.cpp(995): warning C4996: 'sprintf': This function or variable may be unsafe. Consider using sprintf_s instead. To disable deprecation, use _CRT_SECURE_NO_WARNINGS. See online help for details.
                 c:\program files (x86)\microsoft visual studio 10.0\vc\include\stdio.h(371) : 'sprintf' 선언을 참조하십시오.
     1>c:\project_byh\tmsrobot\roboticbrainstim\ndi_c1\combinedapisampledlg.cpp(1761): warning C4345: 동작 변경: () 형식의 이니셜라이저로 생성된 POD 형식의 개체는 기본값으로 초기화됩니다.
     1>c:\project_byh\tmsrobot\roboticbrainstim\ndi_c1\combinedapisampledlg.cpp(1746): warning C4101: 'bSuc' :참조되지 않은 지역 변수입니다.
     1>c:\project_byh\tmsrobot\roboticbrainstim\ndi_c1\combinedapisampledlg.cpp(1745): warning C4101: 'dwRead' :참조되지 않은 지역 변수입니다.
     1>c:\project_byh\tmsrobot\roboticbrainstim\ndi_c1\combinedapisampledlg.cpp(1792): warning C4996: 'localtime': This function or variable may be unsafe. Consider using localtime_s instead. To disable deprecation, use _CRT_SECURE_NO_WARNINGS. See online help for details.
                 c:\program files (x86)\microsoft visual studio 10.0\vc\include\time.inl(112) : 'localtime' 선언을 참조하십시오.
         모든 출력이 최신 상태입니다.
       ResourceCompile:
         모든 출력이 최신 상태입니다.
       ManifestResourceCompile:
         모든 출력이 최신 상태입니다.
       Link:
         c:\Program Files (x86)\Microsoft Visual Studio 10.0\VC\bin\link.exe /ERRORREPORT:PROMPT /OUT:"Debug/NDI CombinedAPI Sample.exe" /INCREMENTAL /NOLOGO /MANIFEST /ManifestFile:".\Debug\NDI CombinedAPI Sample.exe.intermediate.manifest" /MANIFESTUAC:"level='asInvoker' uiAccess='false'" /DEBUG /PDB:"C:\Project_byH\tmsRobot\RoboticBrainStim\NDI_C1\Debug\NDI CombinedAPI Sample.pdb" /SUBSYSTEM:WINDOWS /TLBID:1 /DYNAMICBASE /NXCOMPAT /IMPLIB:".\Debug\NDI CombinedAPI Sample.lib" /MACHINE:X86 .\Debug\CombinedAPISample.res
         ".\Debug\NDI CombinedAPI Sample.exe.embed.manifest.res"
         .\Debug\CombinedAPISample.obj
         .\Debug\CombinedAPISampleDlg.obj
         .\Debug\Comm32.obj
         .\Debug\CommandConstruction.obj
         .\Debug\CommandHandling.obj
         .\Debug\ComPortSettings.obj
         .\Debug\ComPortTimeout.obj
         .\Debug\Conversions.obj
         .\Debug\IlluminatorFiringRate.obj
         .\Debug\INIFileRW.obj
         .\Debug\NewAlertFlagsDlg.obj
         .\Debug\ProgramOptions.obj
         .\Debug\ROMFileDlg.obj
         .\Debug\StdAfx.obj
         .\Debug\SystemCRC.obj
         .\Debug\SystemFeaturesDlg.obj
       Manifest:
         c:\Program Files (x86)\Microsoft SDKs\Windows\v7.0A\bin\mt.exe /nologo /verbose /out:".\Debug\NDI CombinedAPI Sample.exe.embed.manifest" /manifest ".\Debug\NDI CombinedAPI Sample.exe.intermediate.manifest" "c:\Program Files (x86)\Microsoft Visual Studio 10.0\VC\Include\Manifest\dpiaware.manifest"
         모든 출력이 최신 상태입니다.
       LinkEmbedManifest:
         모든 출력이 최신 상태입니다.
         CombinedAPISample.vcxproj -> C:\Project_byH\tmsRobot\RoboticBrainStim\NDI_C1\.\Debug\NDI CombinedAPI Sample.exe
       FinalizeBuildStatus:
         ".\Debug\NDI CombinedAPI Sample.unsuccessfulbuild" 파일을 삭제하고 있습니다.
         ".\Debug\NDI CombinedAPI Sample.lastbuildstate"에 연결(touching)하고 있습니다.
     1>"C:\Project_byH\tmsRobot\RoboticBrainStim\NDI_C1\CombinedAPISample.vcxproj" 프로젝트를 빌드했습니다(build 대상).

빌드했습니다.

경과 시간: 00:00:01.84
